[Thread-0] INFO org.asteriskjava.manager.internal.ManagerConnectionImpl - Connecting to 127.0.0.1:5038
[main] INFO org.eclipse.jetty.server.Server - jetty-8.1.14.v20131031
2019-06-17 15:16:46,176 utils.ConnectionTask WARN [Thread-0] - Can not connect to Asterisk:
java.net.ConnectException: Connection refused (Connection refused)
	at java.net.PlainSocketImpl.socketConnect(Native Method)
	at java.net.AbstractPlainSocketImpl.doConnect(AbstractPlainSocketImpl.java:350)
	at java.net.AbstractPlainSocketImpl.connectToAddress(AbstractPlainSocketImpl.java:206)
	at java.net.AbstractPlainSocketImpl.connect(AbstractPlainSocketImpl.java:188)
	at java.net.SocksSocketImpl.connect(SocksSocketImpl.java:392)
	at java.net.Socket.connect(Socket.java:589)
	at org.asteriskjava.util.internal.SocketConnectionFacadeImpl.<init>(SocketConnectionFacadeImpl.java:140)
	at org.asteriskjava.util.internal.SocketConnectionFacadeImpl.<init>(SocketConnectionFacadeImpl.java:89)
	at org.asteriskjava.manager.internal.ManagerConnectionImpl.createSocket(ManagerConnectionImpl.java:863)
	at org.asteriskjava.manager.internal.ManagerConnectionImpl.connect(ManagerConnectionImpl.java:842)
	at org.asteriskjava.manager.internal.ManagerConnectionImpl.doLogin(ManagerConnectionImpl.java:519)
	at org.asteriskjava.manager.internal.ManagerConnectionImpl.login(ManagerConnectionImpl.java:468)
	at org.asteriskjava.manager.internal.ManagerConnectionImpl.login(ManagerConnectionImpl.java:453)
	at org.asteriskjava.manager.DefaultManagerConnection.login(DefaultManagerConnection.java:309)
	at utils.ConnectionTask.run(ConnectionTask.java:27)
	at java.lang.Thread.run(Thread.java:748)
[main] INFO org.eclipse.jetty.webapp.StandardDescriptorProcessor - NO JSP Support for /, did not find org.apache.jasper.servlet.JspServlet
[main] INFO org.eclipse.jetty.server.AbstractConnector - Started SelectChannelConnector@0.0.0.0:5000
[Thread-0] INFO org.asteriskjava.manager.internal.ManagerConnectionImpl - Connecting to 127.0.0.1:5038
2019-06-17 15:16:47,434 utils.ConnectionTask WARN [Thread-0] - Can not connect to Asterisk:
java.net.ConnectException: Connection refused (Connection refused)
	at java.net.PlainSocketImpl.socketConnect(Native Method)
	at java.net.AbstractPlainSocketImpl.doConnect(AbstractPlainSocketImpl.java:350)
	at java.net.AbstractPlainSocketImpl.connectToAddress(AbstractPlainSocketImpl.java:206)
	at java.net.AbstractPlainSocketImpl.connect(AbstractPlainSocketImpl.java:188)
	at java.net.SocksSocketImpl.connect(SocksSocketImpl.java:392)
	at java.net.Socket.connect(Socket.java:589)
	at org.asteriskjava.util.internal.SocketConnectionFacadeImpl.<init>(SocketConnectionFacadeImpl.java:140)
	at org.asteriskjava.util.internal.SocketConnectionFacadeImpl.<init>(SocketConnectionFacadeImpl.java:89)
	at org.asteriskjava.manager.internal.ManagerConnectionImpl.createSocket(ManagerConnectionImpl.java:863)
	at org.asteriskjava.manager.internal.ManagerConnectionImpl.connect(ManagerConnectionImpl.java:842)
	at org.asteriskjava.manager.internal.ManagerConnectionImpl.doLogin(ManagerConnectionImpl.java:519)
	at org.asteriskjava.manager.internal.ManagerConnectionImpl.login(ManagerConnectionImpl.java:468)
	at org.asteriskjava.manager.internal.ManagerConnectionImpl.login(ManagerConnectionImpl.java:453)
	at org.asteriskjava.manager.DefaultManagerConnection.login(DefaultManagerConnection.java:309)
	at utils.ConnectionTask.run(ConnectionTask.java:27)
	at java.lang.Thread.run(Thread.java:748)
[Thread-0] INFO org.asteriskjava.manager.internal.ManagerConnectionImpl - Connecting to 127.0.0.1:5038
2019-06-17 15:16:48,443 utils.ConnectionTask WARN [Thread-0] - Can not connect to Asterisk:
java.net.ConnectException: Connection refused (Connection refused)
	at java.net.PlainSocketImpl.socketConnect(Native Method)
	at java.net.AbstractPlainSocketImpl.doConnect(AbstractPlainSocketImpl.java:350)
	at java.net.AbstractPlainSocketImpl.connectToAddress(AbstractPlainSocketImpl.java:206)
	at java.net.AbstractPlainSocketImpl.connect(AbstractPlainSocketImpl.java:188)
	at java.net.SocksSocketImpl.connect(SocksSocketImpl.java:392)
	at java.net.Socket.connect(Socket.java:589)
	at org.asteriskjava.util.internal.SocketConnectionFacadeImpl.<init>(SocketConnectionFacadeImpl.java:140)
	at org.asteriskjava.util.internal.SocketConnectionFacadeImpl.<init>(SocketConnectionFacadeImpl.java:89)
	at org.asteriskjava.manager.internal.ManagerConnectionImpl.createSocket(ManagerConnectionImpl.java:863)
	at org.asteriskjava.manager.internal.ManagerConnectionImpl.connect(ManagerConnectionImpl.java:842)
	at org.asteriskjava.manager.internal.ManagerConnectionImpl.doLogin(ManagerConnectionImpl.java:519)
	at org.asteriskjava.manager.internal.ManagerConnectionImpl.login(ManagerConnectionImpl.java:468)
	at org.asteriskjava.manager.internal.ManagerConnectionImpl.login(ManagerConnectionImpl.java:453)
	at org.asteriskjava.manager.DefaultManagerConnection.login(DefaultManagerConnection.java:309)
	at utils.ConnectionTask.run(ConnectionTask.java:27)
	at java.lang.Thread.run(Thread.java:748)
[Thread-0] INFO org.asteriskjava.manager.internal.ManagerConnectionImpl - Connecting to 127.0.0.1:5038
2019-06-17 15:16:49,457 utils.ConnectionTask WARN [Thread-0] - Can not connect to Asterisk:
java.net.ConnectException: Connection refused (Connection refused)
	at java.net.PlainSocketImpl.socketConnect(Native Method)
	at java.net.AbstractPlainSocketImpl.doConnect(AbstractPlainSocketImpl.java:350)
	at java.net.AbstractPlainSocketImpl.connectToAddress(AbstractPlainSocketImpl.java:206)
	at java.net.AbstractPlainSocketImpl.connect(AbstractPlainSocketImpl.java:188)
	at java.net.SocksSocketImpl.connect(SocksSocketImpl.java:392)
	at java.net.Socket.connect(Socket.java:589)
	at org.asteriskjava.util.internal.SocketConnectionFacadeImpl.<init>(SocketConnectionFacadeImpl.java:140)
	at org.asteriskjava.util.internal.SocketConnectionFacadeImpl.<init>(SocketConnectionFacadeImpl.java:89)
	at org.asteriskjava.manager.internal.ManagerConnectionImpl.createSocket(ManagerConnectionImpl.java:863)
	at org.asteriskjava.manager.internal.ManagerConnectionImpl.connect(ManagerConnectionImpl.java:842)
	at org.asteriskjava.manager.internal.ManagerConnectionImpl.doLogin(ManagerConnectionImpl.java:519)
	at org.asteriskjava.manager.internal.ManagerConnectionImpl.login(ManagerConnectionImpl.java:468)
	at org.asteriskjava.manager.internal.ManagerConnectionImpl.login(ManagerConnectionImpl.java:453)
	at org.asteriskjava.manager.DefaultManagerConnection.login(DefaultManagerConnection.java:309)
	at utils.ConnectionTask.run(ConnectionTask.java:27)
	at java.lang.Thread.run(Thread.java:748)
[Thread-0] INFO org.asteriskjava.manager.internal.ManagerConnectionImpl - Connecting to 127.0.0.1:5038
2019-06-17 15:16:50,470 utils.ConnectionTask WARN [Thread-0] - Can not connect to Asterisk:
java.net.ConnectException: Connection refused (Connection refused)
	at java.net.PlainSocketImpl.socketConnect(Native Method)
	at java.net.AbstractPlainSocketImpl.doConnect(AbstractPlainSocketImpl.java:350)
	at java.net.AbstractPlainSocketImpl.connectToAddress(AbstractPlainSocketImpl.java:206)
	at java.net.AbstractPlainSocketImpl.connect(AbstractPlainSocketImpl.java:188)
	at java.net.SocksSocketImpl.connect(SocksSocketImpl.java:392)
	at java.net.Socket.connect(Socket.java:589)
	at org.asteriskjava.util.internal.SocketConnectionFacadeImpl.<init>(SocketConnectionFacadeImpl.java:140)
	at org.asteriskjava.util.internal.SocketConnectionFacadeImpl.<init>(SocketConnectionFacadeImpl.java:89)
	at org.asteriskjava.manager.internal.ManagerConnectionImpl.createSocket(ManagerConnectionImpl.java:863)
	at org.asteriskjava.manager.internal.ManagerConnectionImpl.connect(ManagerConnectionImpl.java:842)
	at org.asteriskjava.manager.internal.ManagerConnectionImpl.doLogin(ManagerConnectionImpl.java:519)
	at org.asteriskjava.manager.internal.ManagerConnectionImpl.login(ManagerConnectionImpl.java:468)
	at org.asteriskjava.manager.internal.ManagerConnectionImpl.login(ManagerConnectionImpl.java:453)
	at org.asteriskjava.manager.DefaultManagerConnection.login(DefaultManagerConnection.java:309)
	at utils.ConnectionTask.run(ConnectionTask.java:27)
	at java.lang.Thread.run(Thread.java:748)
[Thread-0] INFO org.asteriskjava.manager.internal.ManagerConnectionImpl - Connecting to 127.0.0.1:5038
2019-06-17 15:16:51,496 utils.ConnectionTask WARN [Thread-0] - Can not connect to Asterisk:
java.net.ConnectException: Connection refused (Connection refused)
	at java.net.PlainSocketImpl.socketConnect(Native Method)
	at java.net.AbstractPlainSocketImpl.doConnect(AbstractPlainSocketImpl.java:350)
	at java.net.AbstractPlainSocketImpl.connectToAddress(AbstractPlainSocketImpl.java:206)
	at java.net.AbstractPlainSocketImpl.connect(AbstractPlainSocketImpl.java:188)
	at java.net.SocksSocketImpl.connect(SocksSocketImpl.java:392)
	at java.net.Socket.connect(Socket.java:589)
	at org.asteriskjava.util.internal.SocketConnectionFacadeImpl.<init>(SocketConnectionFacadeImpl.java:140)
	at org.asteriskjava.util.internal.SocketConnectionFacadeImpl.<init>(SocketConnectionFacadeImpl.java:89)
	at org.asteriskjava.manager.internal.ManagerConnectionImpl.createSocket(ManagerConnectionImpl.java:863)
	at org.asteriskjava.manager.internal.ManagerConnectionImpl.connect(ManagerConnectionImpl.java:842)
	at org.asteriskjava.manager.internal.ManagerConnectionImpl.doLogin(ManagerConnectionImpl.java:519)
	at org.asteriskjava.manager.internal.ManagerConnectionImpl.login(ManagerConnectionImpl.java:468)
	at org.asteriskjava.manager.internal.ManagerConnectionImpl.login(ManagerConnectionImpl.java:453)
	at org.asteriskjava.manager.DefaultManagerConnection.login(DefaultManagerConnection.java:309)
	at utils.ConnectionTask.run(ConnectionTask.java:27)
	at java.lang.Thread.run(Thread.java:748)
[Thread-0] INFO org.asteriskjava.manager.internal.ManagerConnectionImpl - Connecting to 127.0.0.1:5038
[Asterisk-Java ManagerConnection-0-Reader-0] INFO org.asteriskjava.manager.internal.ManagerConnectionImpl - Connected via Asterisk Call Manager/2.10.4
[Asterisk-Java ManagerConnection-0-Reader-0] WARN org.asteriskjava.manager.internal.ManagerConnectionImpl - Unsupported protocol version 'Asterisk Call Manager/2.10.4'. Use at your own risk.
[Thread-0] INFO org.asteriskjava.manager.internal.ManagerConnectionImpl - Successfully logged in
[Thread-0] INFO org.asteriskjava.manager.internal.ManagerConnectionImpl - Determined Asterisk version: Asterisk 13
